<?xml version="1.0" encoding="UTF-8"?>
<!-- Generated by org.testng.reporters.JUnitXMLReporter -->
<testsuite ignored="0" hostname="Gauranga" failures="1" tests="1" name="Test" time="39.689" errors="0" timestamp="2025-09-07T10:06:34 IST">
  <testcase classname="Testcases.TC_001" name="main" time="10.459">
    <failure type="java.lang.NullPointerException">
      <![CDATA[java.lang.NullPointerException
at java.base/java.io.FileInputStream.<init>(FileInputStream.java:150)
at java.base/java.io.FileInputStream.<init>(FileInputStream.java:112)
at utilities.excelutilty.setCellData(excelutilty.java:82)
at Testcases.TC_001.main(TC_001.java:58)
at java.base/java.util.ArrayList.forEach(ArrayList.java:1511)
... Removed 25 stack frames]]>
    </failure>
  </testcase> <!-- main -->
</testsuite> <!-- Test -->
