<?xml version="1.0" encoding="UTF-8"?>
<testng-results ignored="0" total="1" passed="1" failed="0" skipped="0">
  <reporter-output>
  </reporter-output>
  <suite started-at="2025-09-07T15:00:09 IST" name="Default suite" finished-at="2025-09-07T15:00:51 IST" duration-ms="42158">
    <groups>
    </groups>
    <test started-at="2025-09-07T15:00:09 IST" name="Default test" finished-at="2025-09-07T15:00:51 IST" duration-ms="42158">
      <class name="Testcases.TC_001">
        <test-method is-config="true" signature="setup()[pri:0, instance:Testcases.TC_001@221a3fa4]" started-at="2025-09-07T15:00:09 IST" name="setup" finished-at="2025-09-07T15:00:40 IST" duration-ms="30928" status="PASS">
          <reporter-output>
          </reporter-output>
        </test-method> <!-- setup -->
        <test-method signature="main()[pri:0, instance:Testcases.TC_001@221a3fa4]" started-at="2025-09-07T15:00:40 IST" name="main" finished-at="2025-09-07T15:00:51 IST" duration-ms="11187" status="PASS">
          <reporter-output>
          </reporter-output>
        </test-method> <!-- main -->
        <test-method is-config="true" signature="teardown()[pri:0, instance:Testcases.TC_001@221a3fa4]" started-at="2025-09-07T15:00:51 IST" name="teardown" finished-at="2025-09-07T15:00:51 IST" duration-ms="1" status="PASS">
          <reporter-output>
          </reporter-output>
        </test-method> <!-- teardown -->
      </class> <!-- Testcases.TC_001 -->
    </test> <!-- Default test -->
  </suite> <!-- Default suite -->
</testng-results>
