<?xml version="1.0" encoding="UTF-8"?>
<testng-results ignored="0" total="1" passed="1" failed="0" skipped="0">
  <reporter-output>
  </reporter-output>
  <suite started-at="2025-09-07T20:48:16 IST" name="Default suite" finished-at="2025-09-07T20:49:55 IST" duration-ms="99250">
    <groups>
    </groups>
    <test started-at="2025-09-07T20:48:16 IST" name="Default test" finished-at="2025-09-07T20:49:55 IST" duration-ms="99250">
      <class name="Testcases.TC_001">
        <test-method is-config="true" signature="setup()[pri:0, instance:Testcases.TC_001@221a3fa4]" started-at="2025-09-07T20:48:16 IST" name="setup" finished-at="2025-09-07T20:48:43 IST" duration-ms="27737" status="PASS">
          <reporter-output>
          </reporter-output>
        </test-method> <!-- setup -->
        <test-method signature="main()[pri:0, instance:Testcases.TC_001@221a3fa4]" started-at="2025-09-07T20:48:43 IST" name="main" finished-at="2025-09-07T20:49:55 IST" duration-ms="71145" status="PASS">
          <reporter-output>
          </reporter-output>
        </test-method> <!-- main -->
        <test-method is-config="true" signature="teardown()[pri:0, instance:Testcases.TC_001@221a3fa4]" started-at="2025-09-07T20:49:55 IST" name="teardown" finished-at="2025-09-07T20:49:55 IST" duration-ms="292" status="PASS">
          <reporter-output>
          </reporter-output>
        </test-method> <!-- teardown -->
      </class> <!-- Testcases.TC_001 -->
    </test> <!-- Default test -->
  </suite> <!-- Default suite -->
</testng-results>
